<?xml version="1.0" encoding="UTF-8"?>
<!-- Generated by org.testng.reporters.JUnitReportReporter -->
<testsuite hostname="Umair-Ahmed" failures="0" tests="1" name="Pages.OmniTestClass" time="43.190" errors="0" timestamp="2024-02-15T16:47:25 PKT" skipped="0">
  <testcase classname="Pages.OmniTestClass" name="loginTest" time="43.190"/>
</testsuite> <!-- Pages.OmniTestClass -->
