<?xml version="1.0" encoding="UTF-8"?>
<!-- Generated by org.testng.reporters.JUnitReportReporter -->
<testsuite hostname="Umair-Ahmed" failures="0" tests="1" name="Pages.OmniTestClass" time="64.156" errors="0" timestamp="2024-02-15T17:36:23 PKT" skipped="0">
  <testcase classname="Pages.OmniTestClass" name="loginTest" time="64.156"/>
</testsuite> <!-- Pages.OmniTestClass -->
